<?xml version="1.0" encoding="UTF-8"?>
<testsuite name="gremlins.BigTest" tests="7" skipped="0" failures="0" errors="0" timestamp="2022-10-21T11:32:04" hostname="Alexanders-MacBook-Pro-2.local" time="50.179">
  <properties/>
  <testcase name="fireBallGremlinInteractionTest()" classname="gremlins.BigTest" time="3.911"/>
  <testcase name="wizardStaticTest()" classname="gremlins.BigTest" time="4.08"/>
  <testcase name="wizardGremlinInteractionTest()" classname="gremlins.BigTest" time="5.256"/>
  <testcase name="wizardDynamicTest()" classname="gremlins.BigTest" time="9.073"/>
  <testcase name="slimeHitWizardTest()" classname="gremlins.BigTest" time="2.379"/>
  <testcase name="wizardImmobileInteractionTest()" classname="gremlins.BigTest" time="18.076"/>
  <testcase name="gremlinAITest()" classname="gremlins.BigTest" time="7.402"/>
  <system-out><![CDATA[Printing from inside
Printing from inside
Printing from inside
Printing from inside
Printing from inside
Printing from inside
Printing from inside
Printing from inside
Printing from inside
Printing from inside
Printing from inside
Printing from inside
Printing from inside
Printing from inside
Printing from inside
Printing from inside
Printing from inside
Printing from inside
Printing from inside
Printing from inside
Printing from inside
Printing from inside
Printing from inside
Printing from inside
Printing from inside
Printing from inside
Printing from inside
Printing from inside
Printing from inside
Printing from inside
Printing from inside
Printing from inside
Printing from inside
Printing from inside
Printing from inside
Printing from inside
Printing from inside
Printing from inside
Printing from inside
Printing from inside
Printing from inside
Printing from inside
Printing from inside
Printing from inside
Printing from inside
Printing from inside
Printing from inside
Printing from inside
Printing from inside
Printing from inside
Printing from inside
Printing from inside
Printing from inside
Printing from inside
Printing from inside
Printing from inside
Printing from inside
Printing from inside
Printing from inside
Printing from inside
Printing from inside
Printing from inside
Printing from inside
Printing from inside
Printing from inside
Printing from inside
Printing from inside
Printing from inside
Printing from inside
Printing from inside
Printing from inside
Printing from inside
Printing from inside
Printing from inside
Printing from inside
Printing from inside
Printing from inside
Printing from inside
Printing from inside
Printing from inside
Printing from inside
Printing from inside
Printing from inside
Printing from inside
Printing from inside
Printing from inside
Printing from inside
Printing from inside
Printing from inside
Printing from inside
Printing from inside
Printing from inside
Printing from inside
Printing from inside
Printing from inside
Printing from inside
Printing from inside
Printing from inside
Printing from inside
Printing from inside
Printing from inside
Printing from inside
Printing from inside
Printing from inside
Printing from inside
Printing from inside
Printing from inside
Printing from inside
Printing from inside
Printing from inside
Printing from inside
Printing from inside
Printing from inside
Printing from inside
Printing from inside
Printing from inside
Printing from inside
Printing from inside
Printing from inside
Printing from inside
Printing from inside
Printing from inside
Printing from inside
Printing from inside
Printing from inside
Printing from inside
Printing from inside
Printing from inside
Printing from inside
Printing from inside
Printing from inside
Printing from inside
Printing from inside
Printing from inside
Printing from inside
Printing from inside
Printing from inside
Printing from inside
Printing from inside
Printing from inside
Printing from inside
Printing from inside
Printing from inside
Printing from inside
Printing from inside
Printing from inside
Printing from inside
Printing from inside
Printing from inside
Printing from inside
Printing from inside
Printing from inside
Printing from inside
Printing from inside
Printing from inside
Printing from inside
Printing from inside
Printing from inside
Printing from inside
Printing from inside
Printing from inside
Printing from inside
Printing from inside
Printing from inside
Printing from inside
Printing from inside
Printing from inside
Printing from inside
Printing from inside
Printing from inside
Printing from inside
Printing from inside
Printing from inside
Printing from inside
Printing from inside
Printing from inside
Printing from inside
Printing from inside
Printing from inside
Printing from inside
Printing from inside
Printing from inside
Printing from inside
Printing from inside
Printing from inside
Printing from inside
Printing from inside
Printing from inside
Printing from inside
Printing from inside
Printing from inside
Printing from inside
Printing from inside
Printing from inside
Printing from inside
Printing from inside
Printing from inside
Printing from inside
Printing from inside
Printing from inside
Printing from inside
Printing from inside
Printing from inside
Printing from inside
Printing from inside
Printing from inside
Printing from inside
Printing from inside
Printing from inside
Printing from inside
Printing from inside
Printing from inside
Printing from inside
Printing from inside
Printing from inside
Printing from inside
Printing from inside
Printing from inside
Printing from inside
Printing from inside
Printing from inside
Printing from inside
Printing from inside
Printing from inside
Printing from inside
Printing from inside
Printing from inside
Printing from inside
Printing from inside
Printing from inside
Printing from inside
Printing from inside
Printing from inside
Printing from inside
Printing from inside
Printing from inside
Printing from inside
Printing from inside
Printing from inside
Printing from inside
Printing from inside
Printing from inside
Printing from inside
Printing from inside
Printing from inside
Printing from inside
Printing from inside
Printing from inside
Printing from inside
Printing from inside
Printing from inside
Printing from inside
Printing from inside
Printing from inside
Printing from inside
Printing from inside
Printing from inside
Printing from inside
Printing from inside
Printing from inside
Printing from inside
Printing from inside
Printing from inside
Printing from inside
Printing from inside
Printing from inside
Printing from inside
Printing from inside
Printing from inside
Printing from inside
Printing from inside
Printing from inside
Printing from inside
Printing from inside
Printing from inside
Printing from inside
Printing from inside
Printing from inside
Printing from inside
Printing from inside
Printing from inside
Printing from inside
Printing from inside
Printing from inside
Printing from inside
Printing from inside
Printing from inside
Printing from inside
Printing from inside
Printing from inside
Printing from inside
Printing from inside
Printing from inside
Printing from inside
Printing from inside
Printing from inside
Printing from inside
Printing from inside
Printing from inside
Printing from inside
Printing from inside
Printing from inside
Printing from inside
Printing from inside
Printing from inside
Printing from inside
Printing from inside
Printing from inside
Printing from inside
Printing from inside
Printing from inside
Printing from inside
Printing from inside
Printing from inside
Printing from inside
Printing from inside
Printing from inside
Printing from inside
Printing from inside
Printing from inside
Printing from inside
Printing from inside
Printing from inside
Printing from inside
Printing from inside
Printing from inside
Printing from inside
Printing from inside
Printing from inside
Printing from inside
Printing from inside
Printing from inside
Printing from inside
Printing from inside
Printing from inside
Printing from inside
Printing from inside
Printing from inside
Printing from inside
Printing from inside
Printing from inside
Printing from inside
Printing from inside
Printing from inside
Printing from inside
Printing from inside
Printing from inside
Printing from inside
Printing from inside
Printing from inside
Printing from inside
Printing from inside
Printing from inside
Printing from inside
Printing from inside
Printing from inside
Printing from inside
Printing from inside
Printing from inside
Printing from inside
Printing from inside
Printing from inside
Printing from inside
Printing from inside
Printing from inside
Printing from inside
Printing from inside
Printing from inside
Printing from inside
Printing from inside
Printing from inside
Printing from inside
Printing from inside
Printing from inside
Printing from inside
Printing from inside
Printing from inside
Printing from inside
Printing from inside
Printing from inside
Printing from inside
Printing from inside
Printing from inside
Printing from inside
Printing from inside
Printing from inside
Printing from inside
Printing from inside
Printing from inside
Printing from inside
Printing from inside
Printing from inside
Printing from inside
Printing from inside
Printing from inside
Printing from inside
Printing from inside
Printing from inside
Printing from inside
Printing from inside
Printing from inside
Printing from inside
Printing from inside
Printing from inside
Printing from inside
Printing from inside
Printing from inside
Printing from inside
Printing from inside
Printing from inside
Printing from inside
Printing from inside
Printing from inside
Printing from inside
Printing from inside
Printing from inside
Printing from inside
Printing from inside
Printing from inside
Printing from inside
Printing from inside
Printing from inside
Printing from inside
Printing from inside
Printing from inside
Printing from inside
Printing from inside
Printing from inside
Printing from inside
Printing from inside
Printing from inside
Printing from inside
Printing from inside
Printing from inside
Printing from inside
Printing from inside
Printing from inside
Printing from inside
Printing from inside
Printing from inside
Printing from inside
Printing from inside
Printing from inside
Printing from inside
Printing from inside
Printing from inside
Printing from inside
Printing from inside
Printing from inside
Printing from inside
Printing from inside
Printing from inside
Printing from inside
Printing from inside
Printing from inside
Printing from inside
Printing from inside
Printing from inside
Printing from inside
Printing from inside
Printing from inside
Printing from inside
Printing from inside
Printing from inside
Printing from inside
Printing from inside
Printing from inside
Printing from inside
Printing from inside
Printing from inside
Printing from inside
Printing from inside
Printing from inside
Printing from inside
Printing from inside
Printing from inside
Printing from inside
Printing from inside
Printing from inside
Printing from inside
Printing from inside
Printing from inside
Printing from inside
Printing from inside
Printing from inside
Printing from inside
Printing from inside
Printing from inside
Printing from inside
Printing from inside
Printing from inside
Printing from inside
Printing from inside
Printing from inside
Printing from inside
Printing from inside
Printing from inside
Printing from inside
Printing from inside
Printing from inside
Printing from inside
Printing from inside
Printing from inside
Printing from inside
Printing from inside
Printing from inside
Printing from inside
Printing from inside
Printing from inside
Printing from inside
Printing from inside
Printing from inside
Printing from inside
Printing from inside
Printing from inside
Printing from inside
Printing from inside
Printing from inside
Printing from inside
Printing from inside
Printing from inside
Printing from inside
Printing from inside
Printing from inside
Printing from inside
Printing from inside
Printing from inside
Printing from inside
Printing from inside
Printing from inside
Printing from inside
Printing from inside
Printing from inside
Printing from inside
Printing from inside
Printing from inside
Printing from inside
Printing from inside
Printing from inside
Printing from inside
Printing from inside
Printing from inside
Printing from inside
Printing from inside
Printing from inside
Printing from inside
Printing from inside
Printing from inside
Printing from inside
Printing from inside
Printing from inside
Printing from inside
Printing from inside
Printing from inside
Printing from inside
Printing from inside
Printing from inside
Printing from inside
Printing from inside
Printing from inside
Printing from inside
Printing from inside
Printing from inside
Printing from inside
Printing from inside
Printing from inside
Printing from inside
Printing from inside
Printing from inside
Printing from inside
Printing from inside
Printing from inside
Printing from inside
Printing from inside
Printing from inside
Printing from inside
Printing from inside
Printing from inside
Printing from inside
Printing from inside
Printing from inside
Printing from inside
Printing from inside
Printing from inside
Printing from inside
Printing from inside
Printing from inside
Printing from inside
Printing from inside
Printing from inside
Printing from inside
Printing from inside
Printing from inside
Printing from inside
Printing from inside
Printing from inside
Printing from inside
Printing from inside
Printing from inside
Printing from inside
Printing from inside
Printing from inside
Printing from inside
Printing from inside
Printing from inside
Printing from inside
Printing from inside
Printing from inside
Printing from inside
Printing from inside
Printing from inside
Printing from inside
Printing from inside
Printing from inside
Printing from inside
Printing from inside
Printing from inside
Printing from inside
Printing from inside
Printing from inside
Printing from inside
Printing from inside
Printing from inside
Printing from inside
Printing from inside
Printing from inside
Printing from inside
Printing from inside
Printing from inside
Printing from inside
Printing from inside
Printing from inside
Printing from inside
Printing from inside
Printing from inside
Printing from inside
Printing from inside
Printing from inside
Printing from inside
Printing from inside
Printing from inside
Printing from inside
Printing from inside
Printing from inside
Printing from inside
Printing from inside
Printing from inside
Printing from inside
Printing from inside
Printing from inside
Printing from inside
Printing from inside
Printing from inside
Printing from inside
Printing from inside
Printing from inside
Printing from inside
Printing from inside
Printing from inside
Printing from inside
Printing from inside
Printing from inside
Printing from inside
Printing from inside
Printing from inside
Printing from inside
Printing from inside
Printing from inside
Printing from inside
Printing from inside
Printing from inside
Printing from inside
Printing from inside
Printing from inside
Printing from inside
Printing from inside
Printing from inside
Printing from inside
Printing from inside
Printing from inside
Printing from inside
Printing from inside
Printing from inside
Printing from inside
Printing from inside
Printing from inside
Printing from inside
Printing from inside
Printing from inside
Printing from inside
Printing from inside
Printing from inside
Printing from inside
Printing from inside
Printing from inside
Printing from inside
Printing from inside
Printing from inside
Printing from inside
Printing from inside
Printing from inside
Printing from inside
Printing from inside
Printing from inside
Printing from inside
Printing from inside
Printing from inside
Printing from inside
Printing from inside
Printing from inside
Printing from inside
Printing from inside
Printing from inside
Printing from inside
Printing from inside
Printing from inside
Printing from inside
Printing from inside
Printing from inside
Printing from inside
Printing from inside
Printing from inside
Printing from inside
Printing from inside
Printing from inside
Printing from inside
Printing from inside
Printing from inside
Printing from inside
Printing from inside
Printing from inside
Printing from inside
Printing from inside
Printing from inside
Printing from inside
Printing from inside
Printing from inside
Printing from inside
Printing from inside
Printing from inside
Printing from inside
Printing from inside
Printing from inside
Printing from inside
Printing from inside
Printing from inside
Printing from inside
Printing from inside
Printing from inside
Printing from inside
Printing from inside
Printing from inside
Printing from inside
Printing from inside
Printing from inside
Printing from inside
Printing from inside
Printing from inside
Printing from inside
Printing from inside
Printing from inside
Printing from inside
Printing from inside
Printing from inside
Printing from inside
Printing from inside
Printing from inside
Printing from inside
Printing from inside
Printing from inside
Printing from inside
Printing from inside
Printing from inside
Printing from inside
Printing from inside
Printing from inside
Printing from inside
Printing from inside
Printing from inside
Printing from inside
Printing from inside
Printing from inside
Printing from inside
Printing from inside
Printing from inside
Printing from inside
Printing from inside
Printing from inside
Printing from inside
Printing from inside
Printing from inside
Printing from inside
Printing from inside
Printing from inside
Printing from inside
Printing from inside
Printing from inside
Printing from inside
Printing from inside
Printing from inside
Printing from inside
Printing from inside
Printing from inside
Printing from inside
Printing from inside
Printing from inside
Printing from inside
Printing from inside
Printing from inside
Printing from inside
Printing from inside
Printing from inside
Printing from inside
Printing from inside
Printing from inside
Printing from inside
Printing from inside
Printing from inside
Printing from inside
Printing from inside
Printing from inside
Printing from inside
Printing from inside
Printing from inside
Printing from inside
Printing from inside
Printing from inside
Printing from inside
Printing from inside
Printing from inside
Printing from inside
Printing from inside
Printing from inside
Printing from inside
Printing from inside
Printing from inside
Printing from inside
Printing from inside
Printing from inside
Printing from inside
Printing from inside
Printing from inside
Printing from inside
Printing from inside
Printing from inside
Printing from inside
Printing from inside
Printing from inside
Printing from inside
Printing from inside
Printing from inside
Printing from inside
Printing from inside
Printing from inside
Printing from inside
Printing from inside
Printing from inside
Printing from inside
Printing from inside
Printing from inside
Printing from inside
Printing from inside
Printing from inside
Printing from inside
Printing from inside
Printing from inside
Printing from inside
Printing from inside
Printing from inside
Printing from inside
Printing from inside
Printing from inside
Printing from inside
Printing from inside
Printing from inside
Printing from inside
Printing from inside
Printing from inside
Printing from inside
Printing from inside
Printing from inside
Printing from inside
Printing from inside
Printing from inside
Printing from inside
Printing from inside
Printing from inside
Printing from inside
Printing from inside
Printing from inside
Printing from inside
Printing from inside
Printing from inside
Printing from inside
Printing from inside
Printing from inside
Printing from inside
Printing from inside
Printing from inside
Printing from inside
Printing from inside
Printing from inside
Printing from inside
Printing from inside
Printing from inside
Printing from inside
Printing from inside
Printing from inside
Printing from inside
Printing from inside
Printing from inside
Printing from inside
Printing from inside
Printing from inside
Printing from inside
Printing from inside
Printing from inside
Printing from inside
Printing from inside
Printing from inside
Printing from inside
Printing from inside
Printing from inside
Printing from inside
Printing from inside
Printing from inside
Printing from inside
Printing from inside
Printing from inside
Printing from inside
Printing from inside
Printing from inside
Printing from inside
Printing from inside
Printing from inside
Printing from inside
Printing from inside
Printing from inside
Printing from inside
Printing from inside
Printing from inside
Printing from inside
Printing from inside
Printing from inside
Printing from inside
Printing from inside
Printing from inside
Printing from inside
Printing from inside
Printing from inside
Printing from inside
Printing from inside
Printing from inside
Printing from inside
Printing from inside
Printing from inside
Printing from inside
Printing from inside
Printing from inside
Printing from inside
Printing from inside
Printing from inside
Printing from inside
Printing from inside
Printing from inside
Printing from inside
Printing from inside
Printing from inside
Printing from inside
Printing from inside
Printing from inside
Printing from inside
Printing from inside
Printing from inside
Printing from inside
Printing from inside
Printing from inside
Printing from inside
Printing from inside
Printing from inside
Printing from inside
Printing from inside
Printing from inside
Printing from inside
Printing from inside
Printing from inside
Printing from inside
Printing from inside
Printing from inside
Printing from inside
Printing from inside
Printing from inside
Printing from inside
Printing from inside
Printing from inside
Printing from inside
Printing from inside
Printing from inside
Printing from inside
Printing from inside
Printing from inside
Printing from inside
Printing from inside
Printing from inside
Printing from inside
Printing from inside
Printing from inside
Printing from inside
Printing from inside
Printing from inside
Printing from inside
Printing from inside
Printing from inside
Printing from inside
Printing from inside
Printing from inside
Printing from inside
Printing from inside
Printing from inside
Printing from inside
Printing from inside
Printing from inside
Printing from inside
Printing from inside
Printing from inside
Printing from inside
Printing from inside
Printing from inside
Printing from inside
Printing from inside
Printing from inside
Printing from inside
Printing from inside
Printing from inside
Printing from inside
Printing from inside
Printing from inside
Printing from inside
Printing from inside
Printing from inside
Printing from inside
Printing from inside
Printing from inside
Printing from inside
Printing from inside
Printing from inside
Printing from inside
Printing from inside
Printing from inside
Printing from inside
Printing from inside
Printing from inside
Printing from inside
Printing from inside
Printing from inside
Printing from inside
Printing from inside
Printing from inside
Printing from inside
Printing from inside
Printing from inside
Printing from inside
Printing from inside
Printing from inside
Printing from inside
Printing from inside
Printing from inside
Printing from inside
Printing from inside
Printing from inside
Printing from inside
Printing from inside
Printing from inside
Printing from inside
Printing from inside
Printing from inside
Printing from inside
Printing from inside
Printing from inside
Printing from inside
Printing from inside
Printing from inside
Printing from inside
Printing from inside
Printing from inside
Printing from inside
Printing from inside
Printing from inside
Printing from inside
Printing from inside
Printing from inside
Printing from inside
Printing from inside
Printing from inside
Printing from inside
Printing from inside
Printing from inside
Printing from inside
Printing from inside
Printing from inside
Printing from inside
Printing from inside
Printing from inside
Printing from inside
Printing from inside
Printing from inside
Printing from inside
Printing from inside
Printing from inside
Printing from inside
Printing from inside
Printing from inside
Printing from inside
Printing from inside
Printing from inside
Printing from inside
Printing from inside
Printing from inside
Printing from inside
Printing from inside
Printing from inside
Printing from inside
Printing from inside
Printing from inside
Printing from inside
Printing from inside
Printing from inside
Printing from inside
Printing from inside
Printing from inside
Printing from inside
Printing from inside
Printing from inside
Printing from inside
Printing from inside
Printing from inside
Printing from inside
Printing from inside
Printing from inside
Printing from inside
Printing from inside
Printing from inside
Printing from inside
Printing from inside
Printing from inside
Printing from inside
Printing from inside
Printing from inside
Printing from inside
Printing from inside
Printing from inside
Printing from inside
Printing from inside
Printing from inside
Printing from inside
Printing from inside
Printing from inside
Printing from inside
Printing from inside
Printing from inside
Printing from inside
Printing from inside
Printing from inside
Printing from inside
Printing from inside
Printing from inside
Printing from inside
Printing from inside
Printing from inside
Printing from inside
Printing from inside
Printing from inside
Printing from inside
Printing from inside
Printing from inside
Printing from inside
Printing from inside
Printing from inside
Printing from inside
Printing from inside
Printing from inside
Printing from inside
Printing from inside
Printing from inside
Printing from inside
Printing from inside
Printing from inside
Printing from inside
Printing from inside
Printing from inside
Printing from inside
Printing from inside
Printing from inside
Printing from inside
Printing from inside
Printing from inside
Printing from inside
Printing from inside
Printing from inside
Printing from inside
Printing from inside
Printing from inside
Printing from inside
Printing from inside
Printing from inside
Printing from inside
Printing from inside
Printing from inside
Printing from inside
Printing from inside
Printing from inside
Printing from inside
Printing from inside
Printing from inside
Printing from inside
Printing from inside
Printing from inside
Printing from inside
Printing from inside
Printing from inside
Printing from inside
Printing from inside
Printing from inside
Printing from inside
Printing from inside
Printing from inside
Printing from inside
Printing from inside
Printing from inside
Printing from inside
Printing from inside
Printing from inside
Printing from inside
Printing from inside
Printing from inside
Printing from inside
Printing from inside
Printing from inside
Printing from inside
Printing from inside
Printing from inside
Printing from inside
Printing from inside
Printing from inside
Printing from inside
Printing from inside
Printing from inside
Printing from inside
Printing from inside
Printing from inside
Printing from inside
Printing from inside
Printing from inside
Printing from inside
Printing from inside
Printing from inside
Printing from inside
Printing from inside
Printing from inside
Printing from inside
Printing from inside
Printing from inside
Printing from inside
Printing from inside
Printing from inside
Printing from inside
Printing from inside
Printing from inside
Printing from inside
Printing from inside
Printing from inside
Printing from inside
Printing from inside
Printing from inside
Printing from inside
Printing from inside
Printing from inside
Printing from inside
Printing from inside
Printing from inside
Printing from inside
Printing from inside
Printing from inside
Printing from inside
Printing from inside
Printing from inside
Printing from inside
Printing from inside
Printing from inside
Printing from inside
Printing from inside
Printing from inside
Printing from inside
Printing from inside
Printing from inside
Printing from inside
Printing from inside
Printing from inside
Printing from inside
Printing from inside
Printing from inside
Printing from inside
Printing from inside
Printing from inside
Printing from inside
Printing from inside
Printing from inside
Printing from inside
Printing from inside
Printing from inside
Printing from inside
Printing from inside
Printing from inside
Printing from inside
Printing from inside
Printing from inside
Printing from inside
Printing from inside
Printing from inside
Printing from inside
Printing from inside
Printing from inside
Printing from inside
Printing from inside
Printing from inside
Printing from inside
Printing from inside
Printing from inside
Printing from inside
Printing from inside
Printing from inside
Printing from inside
Printing from inside
Printing from inside
Printing from inside
Printing from inside
Printing from inside
Printing from inside
Printing from inside
Printing from inside
Printing from inside
Printing from inside
Printing from inside
Printing from inside
Printing from inside
Printing from inside
Printing from inside
Printing from inside
Printing from inside
Printing from inside
Printing from inside
Printing from inside
Printing from inside
Printing from inside
Printing from inside
Printing from inside
Printing from inside
Printing from inside
Printing from inside
Printing from inside
Printing from inside
Printing from inside
Printing from inside
Printing from inside
Printing from inside
Printing from inside
Printing from inside
Printing from inside
Printing from inside
Printing from inside
Printing from inside
Printing from inside
Printing from inside
Printing from inside
Printing from inside
Printing from inside
Printing from inside
Printing from inside
Printing from inside
Printing from inside
Printing from inside
Printing from inside
Printing from inside
Printing from inside
Printing from inside
Printing from inside
Printing from inside
Printing from inside
Printing from inside
Printing from inside
Printing from inside
Printing from inside
Printing from inside
Printing from inside
Printing from inside
Printing from inside
Printing from inside
Printing from inside
Printing from inside
Printing from inside
Printing from inside
Printing from inside
Printing from inside
Printing from inside
Printing from inside
Printing from inside
Printing from inside
Printing from inside
Printing from inside
Printing from inside
Printing from inside
Printing from inside
Printing from inside
Printing from inside
Printing from inside
Printing from inside
Printing from inside
Printing from inside
Printing from inside
Printing from inside
Printing from inside
Printing from inside
Printing from inside
Printing from inside
Printing from inside
Printing from inside
Printing from inside
Printing from inside
Printing from inside
Printing from inside
Printing from inside
Printing from inside
Printing from inside
Printing from inside
Printing from inside
Printing from inside
Printing from inside
Printing from inside
Printing from inside
Printing from inside
Printing from inside
Printing from inside
Printing from inside
Printing from inside
Printing from inside
Printing from inside
Printing from inside
Printing from inside
Printing from inside
Printing from inside
Printing from inside
Printing from inside
Printing from inside
Printing from inside
Printing from inside
Printing from inside
Printing from inside
Printing from inside
Printing from inside
Printing from inside
Printing from inside
Printing from inside
Printing from inside
Printing from inside
Printing from inside
Printing from inside
Printing from inside
Printing from inside
Printing from inside
Printing from inside
Printing from inside
Printing from inside
Printing from inside
Printing from inside
Printing from inside
Printing from inside
Printing from inside
Printing from inside
Printing from inside
Printing from inside
Printing from inside
Printing from inside
Printing from inside
Printing from inside
Printing from inside
Printing from inside
Printing from inside
Printing from inside
Printing from inside
Printing from inside
Printing from inside
Printing from inside
Printing from inside
Printing from inside
Printing from inside
Printing from inside
Printing from inside
Printing from inside
Printing from inside
Printing from inside
Printing from inside
Printing from inside
Printing from inside
Printing from inside
Printing from inside
Printing from inside
Printing from inside
Printing from inside
Printing from inside
Printing from inside
Printing from inside
Printing from inside
Printing from inside
Printing from inside
Printing from inside
Printing from inside
Printing from inside
Printing from inside
Printing from inside
Printing from inside
Printing from inside
Printing from inside
Printing from inside
Printing from inside
Printing from inside
Printing from inside
Printing from inside
Printing from inside
Printing from inside
Printing from inside
Printing from inside
Printing from inside
Printing from inside
Printing from inside
Printing from inside
Printing from inside
Printing from inside
Printing from inside
Printing from inside
Printing from inside
Printing from inside
Printing from inside
Printing from inside
Printing from inside
Printing from inside
Printing from inside
Printing from inside
Printing from inside
Printing from inside
Printing from inside
Printing from inside
Printing from inside
Printing from inside
Printing from inside
Printing from inside
Printing from inside
Printing from inside
Printing from inside
Printing from inside
Printing from inside
Printing from inside
Printing from inside
Printing from inside
Printing from inside
Printing from inside
Printing from inside
Printing from inside
Printing from inside
Printing from inside
Printing from inside
Printing from inside
Printing from inside
Printing from inside
Printing from inside
Printing from inside
Printing from inside
Printing from inside
Printing from inside
Printing from inside
Printing from inside
Printing from inside
Printing from inside
Printing from inside
Printing from inside
Printing from inside
Printing from inside
Printing from inside
Printing from inside
Printing from inside
Printing from inside
Printing from inside
Printing from inside
Printing from inside
Printing from inside
Printing from inside
Printing from inside
Printing from inside
Printing from inside
Printing from inside
Printing from inside
Printing from inside
Printing from inside
Printing from inside
Printing from inside
Printing from inside
Printing from inside
Printing from inside
Printing from inside
Printing from inside
Printing from inside
Printing from inside
Printing from inside
Printing from inside
Printing from inside
Printing from inside
Printing from inside
Printing from inside
Printing from inside
Printing from inside
Printing from inside
Printing from inside
Printing from inside
Printing from inside
Printing from inside
Printing from inside
Printing from inside
Printing from inside
Printing from inside
Printing from inside
Printing from inside
Printing from inside
Printing from inside
Printing from inside
Printing from inside
Printing from inside
Printing from inside
Printing from inside
Printing from inside
Printing from inside
Printing from inside
Printing from inside
Printing from inside
Printing from inside
Printing from inside
Printing from inside
Printing from inside
Printing from inside
Printing from inside
Printing from inside
Printing from inside
Printing from inside
Printing from inside
Printing from inside
Printing from inside
Printing from inside
Printing from inside
Printing from inside
Printing from inside
Printing from inside
Printing from inside
Printing from inside
Printing from inside
Printing from inside
Printing from inside
Printing from inside
Printing from inside
Printing from inside
Printing from inside
Printing from inside
Printing from inside
Printing from inside
Printing from inside
Printing from inside
Printing from inside
Printing from inside
Printing from inside
Printing from inside
Printing from inside
Printing from inside
Printing from inside
Printing from inside
Printing from inside
Printing from inside
Printing from inside
Printing from inside
Printing from inside
Printing from inside
Printing from inside
Printing from inside
Printing from inside
Printing from inside
Printing from inside
Printing from inside
Printing from inside
Printing from inside
Printing from inside
Printing from inside
Printing from inside
Printing from inside
Printing from inside
Printing from inside
Printing from inside
Printing from inside
Printing from inside
Printing from inside
Printing from inside
Printing from inside
Printing from inside
Printing from inside
Printing from inside
Printing from inside
Printing from inside
Printing from inside
Printing from inside
Printing from inside
Printing from inside
Printing from inside
Printing from inside
Printing from inside
Printing from inside
Printing from inside
Printing from inside
Printing from inside
Printing from inside
Printing from inside
Printing from inside
Printing from inside
Printing from inside
Printing from inside
Printing from inside
Printing from inside
Printing from inside
Printing from inside
Printing from inside
Printing from inside
Printing from inside
Printing from inside
Printing from inside
Printing from inside
Printing from inside
Printing from inside
Printing from inside
Printing from inside
Printing from inside
Printing from inside
Printing from inside
Printing from inside
Printing from inside
Printing from inside
Printing from inside
Printing from inside
Printing from inside
Printing from inside
Printing from inside
Printing from inside
Printing from inside
Printing from inside
Printing from inside
Printing from inside
Printing from inside
Printing from inside
Printing from inside
Printing from inside
Printing from inside
Printing from inside
Printing from inside
Printing from inside
Printing from inside
Printing from inside
Printing from inside
Printing from inside
Printing from inside
Printing from inside
Printing from inside
Printing from inside
Printing from inside
Printing from inside
Printing from inside
Printing from inside
Printing from inside
Printing from inside
Printing from inside
Printing from inside
Printing from inside
Printing from inside
Printing from inside
Printing from inside
Printing from inside
Printing from inside
Printing from inside
Printing from inside
Printing from inside
Printing from inside
Printing from inside
Printing from inside
Printing from inside
Printing from inside
Printing from inside
Printing from inside
Printing from inside
Printing from inside
Printing from inside
Printing from inside
Printing from inside
Printing from inside
Printing from inside
Printing from inside
Printing from inside
Printing from inside
Printing from inside
Printing from inside
Printing from inside
Printing from inside
Printing from inside
Printing from inside
Printing from inside
Printing from inside
Printing from inside
Printing from inside
Printing from inside
Printing from inside
Printing from inside
Printing from inside
Printing from inside
Printing from inside
Printing from inside
Printing from inside
Printing from inside
Printing from inside
Printing from inside
Printing from inside
Printing from inside
Printing from inside
Printing from inside
Printing from inside
Printing from inside
Printing from inside
Printing from inside
Printing from inside
Printing from inside
Printing from inside
Printing from inside
Printing from inside
Printing from inside
Printing from inside
Printing from inside
Printing from inside
Printing from inside
Printing from inside
Printing from inside
Printing from inside
Printing from inside
Printing from inside
Printing from inside
Printing from inside
Printing from inside
Printing from inside
Printing from inside
Printing from inside
Printing from inside
Printing from inside
Printing from inside
Printing from inside
Printing from inside
Printing from inside
Printing from inside
Printing from inside
Printing from inside
Printing from inside
Printing from inside
Printing from inside
Printing from inside
Printing from inside
Printing from inside
Printing from inside
Printing from inside
Printing from inside
Printing from inside
Printing from inside
Printing from inside
Printing from inside
Printing from inside
Printing from inside
Printing from inside
Printing from inside
Printing from inside
Printing from inside
Printing from inside
Printing from inside
Printing from inside
Printing from inside
Printing from inside
Printing from inside
Printing from inside
Printing from inside
Printing from inside
Printing from inside
Printing from inside
Printing from inside
Printing from inside
Printing from inside
Printing from inside
Printing from inside
Printing from inside
Printing from inside
Printing from inside
Printing from inside
Printing from inside
Printing from inside
Printing from inside
Printing from inside
Printing from inside
Printing from inside
Printing from inside
Printing from inside
Printing from inside
Printing from inside
Printing from inside
Printing from inside
Printing from inside
Printing from inside
Printing from inside
Printing from inside
Printing from inside
Printing from inside
Printing from inside
Printing from inside
Printing from inside
Printing from inside
Printing from inside
Printing from inside
Printing from inside
Printing from inside
Printing from inside
Printing from inside
Printing from inside
Printing from inside
Printing from inside
Printing from inside
Printing from inside
Printing from inside
Printing from inside
Printing from inside
Printing from inside
Printing from inside
Printing from inside
Printing from inside
Printing from inside
Printing from inside
Printing from inside
Printing from inside
Printing from inside
Printing from inside
Printing from inside
Printing from inside
Printing from inside
Printing from inside
Printing from inside
Printing from inside
Printing from inside
Printing from inside
Printing from inside
Printing from inside
Printing from inside
Printing from inside
Printing from inside
Printing from inside
Printing from inside
Printing from inside
Printing from inside
Printing from inside
Printing from inside
Printing from inside
Printing from inside
Printing from inside
Printing from inside
Printing from inside
Printing from inside
Printing from inside
Printing from inside
Printing from inside
Printing from inside
Printing from inside
Printing from inside
Printing from inside
Printing from inside
Printing from inside
Printing from inside
Printing from inside
Printing from inside
Printing from inside
Printing from inside
Printing from inside
Printing from inside
Printing from inside
Printing from inside
Printing from inside
Printing from inside
Printing from inside
Printing from inside
Printing from inside
Printing from inside
Printing from inside
Printing from inside
Printing from inside
Printing from inside
Printing from inside
Printing from inside
Printing from inside
Printing from inside
Printing from inside
Printing from inside
Printing from inside
Printing from inside
Printing from inside
Printing from inside
Printing from inside
Printing from inside
Printing from inside
Printing from inside
Printing from inside
Printing from inside
Printing from inside
Printing from inside
Printing from inside
Printing from inside
Printing from inside
Printing from inside
Printing from inside
Printing from inside
Printing from inside
Printing from inside
Printing from inside
Printing from inside
Printing from inside
Printing from inside
Printing from inside
Printing from inside
Printing from inside
Printing from inside
Printing from inside
Printing from inside
Printing from inside
Printing from inside
Printing from inside
Printing from inside
Printing from inside
Printing from inside
Printing from inside
Printing from inside
Printing from inside
Printing from inside
Printing from inside
Printing from inside
Printing from inside
Printing from inside
Printing from inside
Printing from inside
Printing from inside
Printing from inside
Printing from inside
Printing from inside
Printing from inside
Printing from inside
Printing from inside
Printing from inside
Printing from inside
Printing from inside
Printing from inside
Printing from inside
Printing from inside
Printing from inside
Printing from inside
Printing from inside
Printing from inside
Printing from inside
Printing from inside
Printing from inside
Printing from inside
Printing from inside
Printing from inside
Printing from inside
Printing from inside
Printing from inside
Printing from inside
Printing from inside
Printing from inside
Printing from inside
Printing from inside
Printing from inside
Printing from inside
Printing from inside
Printing from inside
Printing from inside
Printing from inside
Printing from inside
Printing from inside
Printing from inside
Printing from inside
Printing from inside
Printing from inside
Printing from inside
Printing from inside
Printing from inside
Printing from inside
Printing from inside
Printing from inside
Printing from inside
Printing from inside
Printing from inside
Printing from inside
Printing from inside
Printing from inside
Printing from inside
Printing from inside
Printing from inside
Printing from inside
Printing from inside
Printing from inside
Printing from inside
Printing from inside
Printing from inside
Printing from inside
Printing from inside
Printing from inside
Printing from inside
Printing from inside
Printing from inside
Printing from inside
Printing from inside
Printing from inside
Printing from inside
Printing from inside
Printing from inside
Printing from inside
Printing from inside
Printing from inside
Printing from inside
Printing from inside
Printing from inside
Printing from inside
Printing from inside
Printing from inside
Printing from inside
Printing from inside
Printing from inside
Printing from inside
Printing from inside
Printing from inside
Printing from inside
Printing from inside
Printing from inside
Printing from inside
Printing from inside
Printing from inside
Printing from inside
Printing from inside
Printing from inside
Printing from inside
Printing from inside
Printing from inside
Printing from inside
Printing from inside
Printing from inside
Printing from inside
Printing from inside
Printing from inside
Printing from inside
Printing from inside
Printing from inside
Printing from inside
Printing from inside
Printing from inside
Printing from inside
Printing from inside
Printing from inside
Printing from inside
Printing from inside
Printing from inside
Printing from inside
Printing from inside
Printing from inside
Printing from inside
Printing from inside
Printing from inside
Printing from inside
Printing from inside
Printing from inside
Printing from inside
Printing from inside
Printing from inside
Printing from inside
Printing from inside
Printing from inside
Printing from inside
Printing from inside
Printing from inside
Printing from inside
Printing from inside
Printing from inside
Printing from inside
Printing from inside
Printing from inside
Printing from inside
Printing from inside
Printing from inside
Printing from inside
Printing from inside
Printing from inside
Printing from inside
Printing from inside
Printing from inside
Printing from inside
Printing from inside
Printing from inside
Printing from inside
Printing from inside
Printing from inside
Printing from inside
Printing from inside
Printing from inside
Printing from inside
Printing from inside
Printing from inside
Printing from inside
Printing from inside
Printing from inside
Printing from inside
Printing from inside
Printing from inside
Printing from inside
Printing from inside
Printing from inside
Printing from inside
Printing from inside
Printing from inside
Printing from inside
Printing from inside
Printing from inside
Printing from inside
Printing from inside
Printing from inside
Printing from inside
Printing from inside
Printing from inside
Printing from inside
Printing from inside
Printing from inside
Printing from inside
Printing from inside
Printing from inside
Printing from inside
Printing from inside
Printing from inside
Printing from inside
Printing from inside
Printing from inside
Printing from inside
Printing from inside
Printing from inside
Printing from inside
Printing from inside
Printing from inside
Printing from inside
Printing from inside
Printing from inside
Printing from inside
Printing from inside
Printing from inside
Printing from inside
Printing from inside
Printing from inside
Printing from inside
Printing from inside
Printing from inside
Printing from inside
Printing from inside
Printing from inside
Printing from inside
Printing from inside
Printing from inside
Printing from inside
Printing from inside
Printing from inside
Printing from inside
Printing from inside
Printing from inside
Printing from inside
Printing from inside
Printing from inside
Printing from inside
Printing from inside
Printing from inside
Printing from inside
Printing from inside
Printing from inside
Printing from inside
Printing from inside
Printing from inside
Printing from inside
Printing from inside
Printing from inside
Printing from inside
Printing from inside
Printing from inside
Printing from inside
Printing from inside
Printing from inside
Printing from inside
Printing from inside
Printing from inside
Printing from inside
Printing from inside
Printing from inside
Printing from inside
Printing from inside
Printing from inside
Printing from inside
Printing from inside
Printing from inside
Printing from inside
Printing from inside
Printing from inside
Printing from inside
Printing from inside
Printing from inside
Printing from inside
Printing from inside
Printing from inside
Printing from inside
Printing from inside
Printing from inside
Printing from inside
Printing from inside
Printing from inside
Printing from inside
Printing from inside
Printing from inside
Printing from inside
Printing from inside
Printing from inside
Printing from inside
Printing from inside
Printing from inside
Printing from inside
Printing from inside
Printing from inside
Printing from inside
Printing from inside
Printing from inside
Printing from inside
Printing from inside
Printing from inside
Printing from inside
Printing from inside
Printing from inside
Printing from inside
Printing from inside
Printing from inside
Printing from inside
Printing from inside
Printing from inside
Printing from inside
Printing from inside
Printing from inside
Printing from inside
Printing from inside
Printing from inside
Printing from inside
Printing from inside
Printing from inside
Printing from inside
Printing from inside
Printing from inside
Printing from inside
Printing from inside
Printing from inside
Printing from inside
Printing from inside
Printing from inside
Printing from inside
Printing from inside
Printing from inside
Printing from inside
Printing from inside
Printing from inside
Printing from inside
Printing from inside
Printing from inside
Printing from inside
Printing from inside
Printing from inside
Printing from inside
Printing from inside
Printing from inside
Printing from inside
Printing from inside
Printing from inside
Printing from inside
Printing from inside
Printing from inside
Printing from inside
Printing from inside
Printing from inside
Printing from inside
Printing from inside
Printing from inside
Printing from inside
Printing from inside
Printing from inside
Printing from inside
Printing from inside
Printing from inside
Printing from inside
Printing from inside
Printing from inside
Printing from inside
Printing from inside
Printing from inside
Printing from inside
Printing from inside
Printing from inside
Printing from inside
Printing from inside
Printing from inside
Printing from inside
Printing from inside
Printing from inside
Printing from inside
Printing from inside
Printing from inside
Printing from inside
Printing from inside
Printing from inside
Printing from inside
Printing from inside
Printing from inside
Printing from inside
Printing from inside
Printing from inside
Printing from inside
Printing from inside
Printing from inside
Printing from inside
Printing from inside
Printing from inside
Printing from inside
Printing from inside
Printing from inside
Printing from inside
Printing from inside
Printing from inside
Printing from inside
Printing from inside
Printing from inside
Printing from inside
Printing from inside
Printing from inside
Printing from inside
Printing from inside
Printing from inside
Printing from inside
Printing from inside
Printing from inside
Printing from inside
Printing from inside
Printing from inside
Printing from inside
Printing from inside
Printing from inside
Printing from inside
Printing from inside
Printing from inside
Printing from inside
Printing from inside
Printing from inside
Printing from inside
Printing from inside
Printing from inside
Printing from inside
Printing from inside
Printing from inside
Printing from inside
Printing from inside
Printing from inside
Printing from inside
Printing from inside
Printing from inside
Printing from inside
Printing from inside
Printing from inside
Printing from inside
Printing from inside
Printing from inside
Printing from inside
Printing from inside
Printing from inside
Printing from inside
Printing from inside
Printing from inside
Printing from inside
Printing from inside
Printing from inside
Printing from inside
Printing from inside
Printing from inside
Printing from inside
Printing from inside
Printing from inside
Printing from inside
Printing from inside
Printing from inside
Printing from inside
Printing from inside
Printing from inside
Printing from inside
Printing from inside
Printing from inside
Printing from inside
Printing from inside
Printing from inside
Printing from inside
Printing from inside
Printing from inside
Printing from inside
Printing from inside
Printing from inside
Printing from inside
Printing from inside
Printing from inside
Printing from inside
Printing from inside
Printing from inside
Printing from inside
Printing from inside
Printing from inside
Printing from inside
Printing from inside
Printing from inside
Printing from inside
Printing from inside
Printing from inside
Printing from inside
Printing from inside
Printing from inside
Printing from inside
Printing from inside
Printing from inside
Printing from inside
Printing from inside
Printing from inside
Printing from inside
Printing from inside
Printing from inside
Printing from inside
Printing from inside
Printing from inside
Printing from inside
Printing from inside
Printing from inside
Printing from inside
Printing from inside
Printing from inside
Printing from inside
Printing from inside
Printing from inside
Printing from inside
Printing from inside
Printing from inside
Printing from inside
Printing from inside
Printing from inside
Printing from inside
Printing from inside
Printing from inside
Printing from inside
Printing from inside
Printing from inside
Printing from inside
Printing from inside
Printing from inside
Printing from inside
Printing from inside
Printing from inside
Printing from inside
Printing from inside
Printing from inside
Printing from inside
Printing from inside
Printing from inside
Printing from inside
Printing from inside
Printing from inside
Printing from inside
Printing from inside
Printing from inside
Printing from inside
Printing from inside
Printing from inside
Printing from inside
Printing from inside
Printing from inside
Printing from inside
Printing from inside
Printing from inside
Printing from inside
Printing from inside
Printing from inside
Printing from inside
Printing from inside
Printing from inside
Printing from inside
Printing from inside
Printing from inside
Printing from inside
Printing from inside
Printing from inside
Printing from inside
Printing from inside
Printing from inside
Printing from inside
Printing from inside
Printing from inside
Printing from inside
Printing from inside
Printing from inside
Printing from inside
Printing from inside
Printing from inside
Printing from inside
Printing from inside
Printing from inside
Printing from inside
Printing from inside
Printing from inside
Printing from inside
Printing from inside
Printing from inside
Printing from inside
Printing from inside
Printing from inside
Printing from inside
Printing from inside
Printing from inside
Printing from inside
Printing from inside
Printing from inside
Printing from inside
Printing from inside
Printing from inside
Printing from inside
Printing from inside
Printing from inside
Printing from inside
Printing from inside
Printing from inside
Printing from inside
Printing from inside
Printing from inside
Printing from inside
Printing from inside
Printing from inside
Printing from inside
Start of loop
Printing from inside
Printing from inside
Printing from inside
Printing from inside
Printing from inside
Printing from inside
Printing from inside
Printing from inside
Printing from inside
Printing from inside
Printing from inside
Printing from inside
Printing from inside
Printing from inside
Printing from inside
Printing from inside
Printing from inside
Printing from inside
Printing from inside
Printing from inside
Printing from inside
Printing from inside
Printing from inside
Printing from inside
Printing from inside
Printing from inside
Printing from inside
Printing from inside
Printing from inside
Printing from inside
Printing from inside
Printing from inside
Printing from inside
Printing from inside
Printing from inside
Printing from inside
Printing from inside
Printing from inside
Printing from inside
Printing from inside
Printing from inside
Printing from inside
Printing from inside
Printing from inside
Printing from inside
Printing from inside
Printing from inside
Printing from inside
Printing from inside
Printing from inside
Printing from inside
Printing from inside
Printing from inside
Printing from inside
Printing from inside
Printing from inside
Printing from inside
Printing from inside
Printing from inside
Printing from inside
Printing from inside
Printing from inside
Printing from inside
Printing from inside
Printing from inside
Printing from inside
Printing from inside
360 200
 Wizard inside loop: false
End of loop
Printing from inside
Printing from inside
Printing from inside
Printing from inside
Printing from inside
Printing from inside
Printing from inside
Printing from inside
Printing from inside
Printing from inside
Printing from inside
Printing from inside
Printing from inside
Printing from inside
Printing from inside
Printing from inside
Printing from inside
Printing from inside
Printing from inside
Printing from inside
Printing from inside
Printing from inside
Printing from inside
Printing from inside
Printing from inside
Printing from inside
Printing from inside
Printing from inside
Printing from inside
Printing from inside
Printing from inside
Printing from inside
Printing from inside
Printing from inside
Printing from inside
Printing from inside
Printing from inside
Printing from inside
Printing from inside
Printing from inside
Printing from inside
Printing from inside
Printing from inside
Printing from inside
Printing from inside
Printing from inside
Printing from inside
Printing from inside
Printing from inside
Printing from inside
Printing from inside
Printing from inside
Printing from inside
Printing from inside
Printing from inside
Printing from inside
Printing from inside
Printing from inside
Printing from inside
Printing from inside
Printing from inside
Printing from inside
Printing from inside
Printing from inside
Printing from inside
Printing from inside
Printing from inside
Printing from inside
Printing from inside
Printing from inside
Printing from inside
Printing from inside
Printing from inside
Printing from inside
Printing from inside
Printing from inside
Printing from inside
Printing from inside
Printing from inside
Printing from inside
Printing from inside
Printing from inside
Printing from inside
Printing from inside
Printing from inside
Printing from inside
Printing from inside
Printing from inside
Printing from inside
Printing from inside
Printing from inside
Printing from inside
Printing from inside
Printing from inside
Printing from inside
Printing from inside
Printing from inside
Printing from inside
Printing from inside
Printing from inside
Printing from inside
Printing from inside
Printing from inside
Printing from inside
Printing from inside
Printing from inside
Printing from inside
Printing from inside
Printing from inside
Printing from inside
Printing from inside
Printing from inside
Printing from inside
Printing from inside
Printing from inside
Printing from inside
Printing from inside
Printing from inside
Printing from inside
Printing from inside
Printing from inside
Printing from inside
Printing from inside
Printing from inside
Printing from inside
Printing from inside
Printing from inside
Printing from inside
Printing from inside
Printing from inside
Printing from inside
Printing from inside
Printing from inside
Printing from inside
Printing from inside
Printing from inside
Printing from inside
Printing from inside
Printing from inside
Printing from inside
Printing from inside
Printing from inside
Printing from inside
Printing from inside
Printing from inside
Printing from inside
Printing from inside
Printing from inside
Printing from inside
Printing from inside
Printing from inside
Printing from inside
Printing from inside
Printing from inside
Printing from inside
Printing from inside
Printing from inside
Printing from inside
Printing from inside
Printing from inside
Printing from inside
Printing from inside
Printing from inside
Printing from inside
Printing from inside
Printing from inside
Printing from inside
Printing from inside
Printing from inside
Printing from inside
Printing from inside
Printing from inside
Printing from inside
Printing from inside
Printing from inside
Printing from inside
Printing from inside
Printing from inside
Printing from inside
Printing from inside
Printing from inside
Printing from inside
Printing from inside
Printing from inside
Printing from inside
Printing from inside
Printing from inside
Printing from inside
Printing from inside
Printing from inside
Printing from inside
Printing from inside
Printing from inside
Printing from inside
Printing from inside
Printing from inside
Printing from inside
Printing from inside
Printing from inside
Printing from inside
Printing from inside
Printing from inside
Printing from inside
Printing from inside
Printing from inside
Printing from inside
Printing from inside
Printing from inside
Printing from inside
Printing from inside
Printing from inside
Printing from inside
Printing from inside
Printing from inside
Printing from inside
Printing from inside
Printing from inside
Printing from inside
Printing from inside
Printing from inside
Printing from inside
Printing from inside
Printing from inside
Printing from inside
Printing from inside
Printing from inside
Printing from inside
Printing from inside
Printing from inside
Printing from inside
Printing from inside
Printing from inside
Printing from inside
Printing from inside
Printing from inside
Printing from inside
Printing from inside
Printing from inside
Printing from inside
Printing from inside
Printing from inside
Printing from inside
Printing from inside
Printing from inside
Printing from inside
Printing from inside
Printing from inside
Printing from inside
Printing from inside
Printing from inside
Printing from inside
Printing from inside
Printing from inside
Printing from inside
Printing from inside
Printing from inside
Printing from inside
Printing from inside
Printing from inside
Printing from inside
Printing from inside
Printing from inside
Printing from inside
Printing from inside
Printing from inside
Printing from inside
Printing from inside
Printing from inside
Printing from inside
Printing from inside
Printing from inside
Printing from inside
Printing from inside
Printing from inside
Printing from inside
Printing from inside
Printing from inside
Printing from inside
Printing from inside
Printing from inside
Printing from inside
Printing from inside
Printing from inside
Printing from inside
Printing from inside
Printing from inside
Printing from inside
Printing from inside
Printing from inside
Printing from inside
Printing from inside
Printing from inside
Printing from inside
Printing from inside
Printing from inside
Printing from inside
Printing from inside
Printing from inside
Printing from inside
Printing from inside
Printing from inside
Printing from inside
Printing from inside
Printing from inside
Printing from inside
Printing from inside
Printing from inside
Printing from inside
Printing from inside
Printing from inside
Printing from inside
Printing from inside
Printing from inside
Printing from inside
Printing from inside
Printing from inside
Printing from inside
Printing from inside
Printing from inside
Printing from inside
Printing from inside
Printing from inside
Printing from inside
Printing from inside
Printing from inside
Printing from inside
Printing from inside
Printing from inside
Printing from inside
Printing from inside
Printing from inside
Printing from inside
Printing from inside
Printing from inside
Printing from inside
Printing from inside
Printing from inside
Printing from inside
Printing from inside
Printing from inside
Printing from inside
Printing from inside
Printing from inside
Printing from inside
Printing from inside
Printing from inside
Printing from inside
Printing from inside
Printing from inside
Printing from inside
Printing from inside
Printing from inside
Printing from inside
Printing from inside
Printing from inside
Printing from inside
Printing from inside
Printing from inside
Printing from inside
Printing from inside
Printing from inside
Printing from inside
Printing from inside
Printing from inside
Printing from inside
Printing from inside
Printing from inside
Printing from inside
Printing from inside
Printing from inside
Printing from inside
Printing from inside
Printing from inside
Printing from inside
Printing from inside
Printing from inside
Printing from inside
Printing from inside
Printing from inside
Printing from inside
Printing from inside
Printing from inside
Printing from inside
Printing from inside
Printing from inside
Printing from inside
Printing from inside
Printing from inside
Printing from inside
Printing from inside
Printing from inside
Printing from inside
Printing from inside
Printing from inside
Printing from inside
Printing from inside
Printing from inside
Printing from inside
Printing from inside
Printing from inside
Printing from inside
Printing from inside
Printing from inside
Printing from inside
Printing from inside
Printing from inside
Printing from inside
Printing from inside
Printing from inside
Printing from inside
Printing from inside
Printing from inside
Printing from inside
Printing from inside
Printing from inside
Printing from inside
Printing from inside
Printing from inside
Printing from inside
Printing from inside
Printing from inside
Printing from inside
Fireball size Before: 0
Fireball size After1
Printing from inside
Printing from inside
Printing from inside
Printing from inside
Printing from inside
Printing from inside
Printing from inside
Printing from inside
Printing from inside
Printing from inside
Printing from inside
Printing from inside
Printing from inside
Printing from inside
Printing from inside
Printing from inside
Printing from inside
Printing from inside
Printing from inside
Printing from inside
Printing from inside
Printing from inside
Printing from inside
Printing from inside
Printing from inside
Printing from inside
Printing from inside
Printing from inside
Printing from inside
Printing from inside
Printing from inside
Printing from inside
Printing from inside
Printing from inside
Printing from inside
Printing from inside
Printing from inside
Printing from inside
Printing from inside
Printing from inside
Printing from inside
Printing from inside
Printing from inside
Printing from inside
Printing from inside
Printing from inside
Printing from inside
Printing from inside
Printing from inside
Printing from inside
Printing from inside
Printing from inside
Printing from inside
Printing from inside
Printing from inside
Printing from inside
Printing from inside
Printing from inside
Printing from inside
Printing from inside
Printing from inside
Printing from inside
Printing from inside
Printing from inside
Printing from inside
Printing from inside
Printing from inside
Printing from inside
Printing from inside
Printing from inside
Printing from inside
Printing from inside
Printing from inside
Printing from inside
Printing from inside
Printing from inside
Printing from inside
Printing from inside
Printing from inside
Printing from inside
Printing from inside
Printing from inside
Printing from inside
Printing from inside
Printing from inside
Printing from inside
Printing from inside
Printing from inside
Printing from inside
Printing from inside
Printing from inside
Printing from inside
Printing from inside
Printing from inside
Printing from inside
Printing from inside
Printing from inside
Printing from inside
Printing from inside
Printing from inside
Printing from inside
Printing from inside
Printing from inside
Printing from inside
Printing from inside
Printing from inside
Printing from inside
Printing from inside
Printing from inside
Printing from inside
Printing from inside
Printing from inside
Printing from inside
Printing from inside
Printing from inside
Printing from inside
Printing from inside
Printing from inside
Printing from inside
Printing from inside
Printing from inside
Printing from inside
Printing from inside
Printing from inside
Printing from inside
Printing from inside
Printing from inside
Printing from inside
Printing from inside
Printing from inside
Printing from inside
Printing from inside
Printing from inside
Printing from inside
Printing from inside
Printing from inside
Printing from inside
Printing from inside
Printing from inside
Printing from inside
Printing from inside
Printing from inside
Printing from inside
Printing from inside
Printing from inside
Printing from inside
Printing from inside
Printing from inside
Printing from inside
Printing from inside
Printing from inside
Printing from inside
Printing from inside
Printing from inside
Printing from inside
Printing from inside
Printing from inside
Printing from inside
Printing from inside
Printing from inside
Printing from inside
Printing from inside
Printing from inside
Printing from inside
Printing from inside
Printing from inside
Printing from inside
Printing from inside
Printing from inside
Printing from inside
Printing from inside
Printing from inside
Printing from inside
Printing from inside
Printing from inside
Printing from inside
Printing from inside
Printing from inside
Printing from inside
Printing from inside
Printing from inside
Printing from inside
Printing from inside
Printing from inside
Printing from inside
Printing from inside
Printing from inside
Printing from inside
Printing from inside
Printing from inside
Printing from inside
Printing from inside
Printing from inside
Printing from inside
Printing from inside
Printing from inside
Printing from inside
Printing from inside
Printing from inside
Printing from inside
Printing from inside
Printing from inside
Printing from inside
Printing from inside
Printing from inside
Printing from inside
Printing from inside
Printing from inside
Printing from inside
Printing from inside
Printing from inside
Printing from inside
Printing from inside
Printing from inside
Printing from inside
Printing from inside
Printing from inside
Printing from inside
Printing from inside
Printing from inside
Printing from inside
Printing from inside
Printing from inside
Printing from inside
Printing from inside
Printing from inside
Printing from inside
Printing from inside
Printing from inside
Printing from inside
Printing from inside
Printing from inside
Printing from inside
Printing from inside
Printing from inside
Printing from inside
Printing from inside
Printing from inside
Printing from inside
Printing from inside
Printing from inside
Printing from inside
Printing from inside
Printing from inside
Printing from inside
Printing from inside
Printing from inside
Printing from inside
Printing from inside
Printing from inside
Printing from inside
Printing from inside
Printing from inside
Printing from inside
Printing from inside
Printing from inside
Printing from inside
Printing from inside
Printing from inside
Printing from inside
Printing from inside
Printing from inside
Printing from inside
Printing from inside
Printing from inside
Printing from inside
Printing from inside
Printing from inside
Printing from inside
Printing from inside
Printing from inside
Printing from inside
Printing from inside
Printing from inside
Printing from inside
Printing from inside
Printing from inside
Printing from inside
Printing from inside
Printing from inside
Printing from inside
Printing from inside
Printing from inside
Printing from inside
Printing from inside
Printing from inside
Printing from inside
Printing from inside
Printing from inside
Printing from inside
Printing from inside
Printing from inside
Printing from inside
Printing from inside
Printing from inside
Printing from inside
Printing from inside
Printing from inside
Printing from inside
Printing from inside
Printing from inside
Printing from inside
Printing from inside
Printing from inside
Printing from inside
Printing from inside
Printing from inside
Printing from inside
Printing from inside
Printing from inside
Printing from inside
Printing from inside
Printing from inside
Printing from inside
Printing from inside
Printing from inside
Printing from inside
Printing from inside
Printing from inside
Printing from inside
Printing from inside
Printing from inside
Printing from inside
Printing from inside
Printing from inside
Printing from inside
Printing from inside
Printing from inside
Printing from inside
Printing from inside
Printing from inside
Printing from inside
Printing from inside
Printing from inside
Printing from inside
Printing from inside
Printing from inside
Printing from inside
1
Printing from inside
Printing from inside
Printing from inside
Printing from inside
Printing from inside
Printing from inside
Printing from inside
Printing from inside
Printing from inside
Printing from inside
Printing from inside
Printing from inside
Printing from inside
Printing from inside
Printing from inside
Printing from inside
Printing from inside
Printing from inside
Printing from inside
Printing from inside
Printing from inside
Printing from inside
Printing from inside
Printing from inside
Printing from inside
Printing from inside
Printing from inside
Printing from inside
Printing from inside
Printing from inside
Printing from inside
Printing from inside
Printing from inside
Printing from inside
Printing from inside
Printing from inside
Printing from inside
Printing from inside
Printing from inside
Printing from inside
Printing from inside
Printing from inside
Printing from inside
Printing from inside
Printing from inside
Printing from inside
Printing from inside
Printing from inside
Printing from inside
Printing from inside
Printing from inside
Printing from inside
Printing from inside
Printing from inside
Printing from inside
Printing from inside
Printing from inside
Printing from inside
Printing from inside
Printing from inside
Printing from inside
Printing from inside
Printing from inside
Printing from inside
Printing from inside
Printing from inside
Printing from inside
Printing from inside
Printing from inside
Printing from inside
Printing from inside
Printing from inside
Printing from inside
Printing from inside
Printing from inside
Printing from inside
Printing from inside
Printing from inside
Printing from inside
Printing from inside
Printing from inside
Printing from inside
Printing from inside
Printing from inside
Printing from inside
Printing from inside
Printing from inside
Printing from inside
Printing from inside
Printing from inside
Printing from inside
Printing from inside
Printing from inside
Printing from inside
Printing from inside
Printing from inside
Printing from inside
Printing from inside
Printing from inside
Printing from inside
Printing from inside
Printing from inside
Printing from inside
Printing from inside
Printing from inside
Printing from inside
Printing from inside
Printing from inside
Printing from inside
Printing from inside
Printing from inside
Printing from inside
Printing from inside
Printing from inside
Printing from inside
Printing from inside
Printing from inside
Printing from inside
Printing from inside
Printing from inside
Printing from inside
Printing from inside
Printing from inside
Printing from inside
Printing from inside
Printing from inside
Printing from inside
Printing from inside
Printing from inside
Printing from inside
Printing from inside
Printing from inside
Printing from inside
Printing from inside
Printing from inside
Printing from inside
Printing from inside
Printing from inside
Printing from inside
Printing from inside
Printing from inside
Printing from inside
Printing from inside
Printing from inside
Printing from inside
Printing from inside
Printing from inside
Printing from inside
Printing from inside
Printing from inside
Printing from inside
Printing from inside
Printing from inside
Printing from inside
Printing from inside
Printing from inside
Printing from inside
Printing from inside
Printing from inside
Printing from inside
Printing from inside
Printing from inside
Printing from inside
Printing from inside
Printing from inside
Printing from inside
Printing from inside
Printing from inside
Printing from inside
Printing from inside
Printing from inside
Printing from inside
Printing from inside
Printing from inside
Printing from inside
Printing from inside
Printing from inside
Printing from inside
Printing from inside
Printing from inside
Printing from inside
Printing from inside
Printing from inside
Printing from inside
Printing from inside
Printing from inside
Printing from inside
Printing from inside
Printing from inside
Printing from inside
Printing from inside
Printing from inside
Printing from inside
Printing from inside
Printing from inside
Printing from inside
Printing from inside
Printing from inside
Printing from inside
Printing from inside
Printing from inside
Printing from inside
Printing from inside
Printing from inside
Printing from inside
Printing from inside
Printing from inside
Printing from inside
Printing from inside
Printing from inside
Printing from inside
Printing from inside
Printing from inside
Printing from inside
Printing from inside
Printing from inside
Printing from inside
Printing from inside
Printing from inside
Printing from inside
Printing from inside
Printing from inside
Printing from inside
Printing from inside
Printing from inside
Printing from inside
Printing from inside
Printing from inside
Printing from inside
Printing from inside
Printing from inside
Printing from inside
Printing from inside
Printing from inside
Printing from inside
Printing from inside
Printing from inside
Printing from inside
Printing from inside
Printing from inside
Printing from inside
Printing from inside
Printing from inside
Printing from inside
Printing from inside
Printing from inside
Printing from inside
Printing from inside
Printing from inside
Printing from inside
Printing from inside
Printing from inside
Printing from inside
Printing from inside
Printing from inside
Printing from inside
Printing from inside
Printing from inside
Printing from inside
Printing from inside
Printing from inside
Printing from inside
Printing from inside
Printing from inside
Printing from inside
Printing from inside
Printing from inside
Printing from inside
Printing from inside
Printing from inside
Printing from inside
Printing from inside
Printing from inside
[...]
Printing from inside
Printing from inside
Printing from inside
Printing from inside
Printing from inside
Printing from inside
Printing from inside
Printing from inside
Printing from inside
Printing from inside
Printing from inside
Printing from inside
Printing from inside
Printing from inside
Printing from inside
Printing from inside
Printing from inside
Printing from inside
Printing from inside
Printing from inside
Printing from inside
Printing from inside
Printing from inside
Printing from inside
Printing from inside
Printing from inside
Printing from inside
Printing from inside
Printing from inside
Printing from inside
Printing from inside
Printing from inside
Printing from inside
Printing from inside
Printing from inside
Printing from inside
Printing from inside
Printing from inside
Printing from inside
Printing from inside
Printing from inside
Printing from inside
Printing from inside
Printing from inside
Printing from inside
Printing from inside
Printing from inside
Printing from inside
Printing from inside
Printing from inside
Printing from inside
Printing from inside
Printing from inside
Printing from inside
Printing from inside
Printing from inside
Printing from inside
Printing from inside
Printing from inside
Printing from inside
Printing from inside
Printing from inside
Printing from inside
Printing from inside
Printing from inside
Printing from inside
Printing from inside
Printing from inside
Printing from inside
Printing from inside
Printing from inside
Printing from inside
Printing from inside
Printing from inside
Printing from inside
Printing from inside
Printing from inside
Printing from inside
Printing from inside
Printing from inside
Printing from inside
Printing from inside
Printing from inside
Printing from inside
Printing from inside
Printing from inside
Printing from inside
Printing from inside
Printing from inside
Printing from inside
Printing from inside
Printing from inside
Printing from inside
Printing from inside
Printing from inside
Printing from inside
Printing from inside
Printing from inside
Printing from inside
Printing from inside
Printing from inside
Printing from inside
Printing from inside
Printing from inside
Printing from inside
Printing from inside
Printing from inside
Printing from inside
Printing from inside
Printing from inside
Printing from inside
Printing from inside
Printing from inside
Printing from inside
Printing from inside
Printing from inside
Printing from inside
Printing from inside
Printing from inside
Printing from inside
Printing from inside
Printing from inside
Printing from inside
Printing from inside
Printing from inside
Printing from inside
Printing from inside
Printing from inside
Printing from inside
Printing from inside
Printing from inside
Printing from inside
Printing from inside
Printing from inside
Printing from inside
Printing from inside
Printing from inside
Printing from inside
Printing from inside
Printing from inside
Printing from inside
Printing from inside
Printing from inside
Printing from inside
Printing from inside
Printing from inside
Printing from inside
Printing from inside
Printing from inside
Printing from inside
Printing from inside
Printing from inside
Printing from inside
Printing from inside
Printing from inside
Printing from inside
Printing from inside
Printing from inside
Printing from inside
Printing from inside
Printing from inside
Printing from inside
Printing from inside
Printing from inside
Printing from inside
Printing from inside
Printing from inside
Printing from inside
Printing from inside
Printing from inside
Printing from inside
Printing from inside
Printing from inside
Printing from inside
Printing from inside
Printing from inside
Printing from inside
Printing from inside
Printing from inside
Printing from inside
Printing from inside
Printing from inside
Printing from inside
Printing from inside
Printing from inside
Printing from inside
Printing from inside
Printing from inside
Printing from inside
Printing from inside
Printing from inside
Printing from inside
Printing from inside
Printing from inside
Printing from inside
Printing from inside
Printing from inside
Printing from inside
Printing from inside
Printing from inside
Printing from inside
Printing from inside
Printing from inside
Printing from inside
Printing from inside
Printing from inside
Printing from inside
Printing from inside
Printing from inside
Printing from inside
Printing from inside
Printing from inside
Printing from inside
Printing from inside
Printing from inside
Printing from inside
Printing from inside
Printing from inside
Printing from inside
Printing from inside
Printing from inside
Printing from inside
Printing from inside
Printing from inside
Printing from inside
Printing from inside
Printing from inside
Printing from inside
Printing from inside
Printing from inside
Printing from inside
Printing from inside
Printing from inside
Printing from inside
Printing from inside
Printing from inside
Printing from inside
Printing from inside
Printing from inside
Printing from inside
Printing from inside
Printing from inside
Printing from inside
Printing from inside
Printing from inside
Printing from inside
Printing from inside
Printing from inside
Printing from inside
Printing from inside
Printing from inside
Printing from inside
Printing from inside
Printing from inside
Printing from inside
Printing from inside
Printing from inside
Printing from inside
Printing from inside
Printing from inside
Printing from inside
Printing from inside
Printing from inside
Printing from inside
Printing from inside
Printing from inside
Printing from inside
Printing from inside
Printing from inside
Printing from inside
Printing from inside
Printing from inside
Printing from inside
Printing from inside
Printing from inside
Printing from inside
Printing from inside
Printing from inside
Printing from inside
Printing from inside
Printing from inside
Printing from inside
Printing from inside
Printing from inside
Printing from inside
Printing from inside
Printing from inside
Printing from inside
Printing from inside
Printing from inside
Printing from inside
Printing from inside
Printing from inside
Printing from inside
Printing from inside
Printing from inside
Printing from inside
Printing from inside
Printing from inside
Printing from inside
Printing from inside
Printing from inside
Printing from inside
Printing from inside
Printing from inside
Printing from inside
Printing from inside
Printing from inside
Printing from inside
Printing from inside
Printing from inside
Printing from inside
Printing from inside
Printing from inside
Printing from inside
Printing from inside
Printing from inside
Printing from inside
Printing from inside
Printing from inside
Printing from inside
Printing from inside
Printing from inside
Printing from inside
Printing from inside
Printing from inside
Printing from inside
Printing from inside
Printing from inside
Printing from inside
Printing from inside
Printing from inside
Printing from inside
Printing from inside
Printing from inside
Printing from inside
Printing from inside
Printing from inside
Printing from inside
Printing from inside
Printing from inside
Printing from inside
Printing from inside
Printing from inside
Printing from inside
Printing from inside
Printing from inside
Printing from inside
Printing from inside
Printing from inside
Printing from inside
Printing from inside
Printing from inside
Printing from inside
Printing from inside
Printing from inside
Printing from inside
Printing from inside
Printing from inside
Printing from inside
Printing from inside
Printing from inside
Printing from inside
Printing from inside
Printing from inside
Printing from inside
Printing from inside
Printing from inside
Printing from inside
Printing from inside
Printing from inside
Printing from inside
Printing from inside
Printing from inside
Printing from inside
Printing from inside
Printing from inside
Printing from inside
Printing from inside
Printing from inside
Printing from inside
Printing from inside
Printing from inside
Printing from inside
Printing from inside
Printing from inside
Printing from inside
Printing from inside
Printing from inside
Printing from inside
Printing from inside
Printing from inside
Printing from inside
Printing from inside
Printing from inside
Printing from inside
Printing from inside
Printing from inside
Printing from inside
Printing from inside
Printing from inside
Printing from inside
Printing from inside
Printing from inside
Printing from inside
Printing from inside
Printing from inside
Printing from inside
Printing from inside
Printing from inside
Printing from inside
Printing from inside
Printing from inside
Printing from inside
Printing from inside
Printing from inside
Printing from inside
Printing from inside
Printing from inside
Printing from inside
Printing from inside
Printing from inside
Printing from inside
Printing from inside
Printing from inside
Printing from inside
Printing from inside
Printing from inside
Printing from inside
Printing from inside
Printing from inside
Printing from inside
Printing from inside
Printing from inside
Printing from inside
Printing from inside
Printing from inside
Printing from inside
Printing from inside
Printing from inside
Printing from inside
Printing from inside
Printing from inside
Printing from inside
Printing from inside
Printing from inside
Printing from inside
Printing from inside
Printing from inside
Printing from inside
Printing from inside
Printing from inside
Printing from inside
Printing from inside
Printing from inside
Printing from inside
Printing from inside
Printing from inside
Printing from inside
Printing from inside
Printing from inside
Printing from inside
Printing from inside
Printing from inside
Printing from inside
Printing from inside
Printing from inside
Printing from inside
Printing from inside
Printing from inside
Printing from inside
Printing from inside
Printing from inside
Printing from inside
Printing from inside
Printing from inside
Printing from inside
Printing from inside
Printing from inside
Printing from inside
Printing from inside
Printing from inside
Printing from inside
Printing from inside
Printing from inside
Printing from inside
Printing from inside
Printing from inside
Printing from inside
Printing from inside
Printing from inside
Printing from inside
Printing from inside
Printing from inside
Printing from inside
Printing from inside
Printing from inside
Printing from inside
Printing from inside
Printing from inside
Printing from inside
Printing from inside
Printing from inside
Printing from inside
Printing from inside
Printing from inside
Printing from inside
Printing from inside
Printing from inside
Printing from inside
Printing from inside
Printing from inside
Printing from inside
Printing from inside
Printing from inside
Printing from inside
Printing from inside
Printing from inside
Printing from inside
Printing from inside
Printing from inside
Printing from inside
Printing from inside
Printing from inside
Printing from inside
Printing from inside
Printing from inside
Printing from inside
Printing from inside
Printing from inside
Printing from inside
Printing from inside
Printing from inside
Printing from inside
Printing from inside
Printing from inside
Printing from inside
Printing from inside
Printing from inside
Printing from inside
Printing from inside
Printing from inside
Printing from inside
Printing from inside
Printing from inside
Printing from inside
Printing from inside
Printing from inside
Printing from inside
Printing from inside
Printing from inside
Printing from inside
Printing from inside
Printing from inside
Printing from inside
Printing from inside
Printing from inside
Printing from inside
Printing from inside
Printing from inside
Printing from inside
Printing from inside
Printing from inside
Printing from inside
Printing from inside
Printing from inside
Printing from inside
Printing from inside
Printing from inside
Printing from inside
Printing from inside
Printing from inside
Printing from inside
Printing from inside
Printing from inside
Printing from inside
Printing from inside
Printing from inside
Printing from inside
Printing from inside
Printing from inside
Printing from inside
Printing from inside
Printing from inside
Printing from inside
Printing from inside
Printing from inside
Printing from inside
Printing from inside
Printing from inside
Printing from inside
Printing from inside
Printing from inside
Printing from inside
Printing from inside
Printing from inside
Printing from inside
Printing from inside
Printing from inside
Printing from inside
Printing from inside
Printing from inside
Printing from inside
Printing from inside
Printing from inside
Printing from inside
Printing from inside
Printing from inside
Printing from inside
Printing from inside
Printing from inside
Printing from inside
Printing from inside
Printing from inside
Printing from inside
Printing from inside
Printing from inside
Printing from inside
Printing from inside
Printing from inside
Printing from inside
Printing from inside
Printing from inside
Printing from inside
Printing from inside
Printing from inside
Printing from inside
Printing from inside
Printing from inside
Printing from inside
Printing from inside
Printing from inside
Printing from inside
Printing from inside
Printing from inside
Printing from inside
Printing from inside
Printing from inside
Printing from inside
Printing from inside
Printing from inside
Printing from inside
Printing from inside
Printing from inside
Printing from inside
Printing from inside
Printing from inside
Printing from inside
Printing from inside
Printing from inside
Printing from inside
Printing from inside
Printing from inside
Printing from inside
Printing from inside
Printing from inside
Printing from inside
Printing from inside
Printing from inside
Printing from inside
Printing from inside
Printing from inside
Printing from inside
Printing from inside
Printing from inside
Printing from inside
Printing from inside
Printing from inside
Printing from inside
Printing from inside
Printing from inside
Printing from inside
Printing from inside
Printing from inside
Printing from inside
Printing from inside
Printing from inside
Printing from inside
Printing from inside
Printing from inside
Printing from inside
Printing from inside
Printing from inside
Printing from inside
Printing from inside
Printing from inside
Printing from inside
Printing from inside
Printing from inside
Printing from inside
Printing from inside
Printing from inside
Printing from inside
Printing from inside
Printing from inside
Printing from inside
Printing from inside
Printing from inside
Printing from inside
Printing from inside
Printing from inside
Printing from inside
Printing from inside
Printing from inside
Printing from inside
Printing from inside
Printing from inside
Printing from inside
Printing from inside
Printing from inside
Printing from inside
Printing from inside
Printing from inside
Printing from inside
Printing from inside
Printing from inside
Printing from inside
Printing from inside
Printing from inside
Printing from inside
Printing from inside
Printing from inside
Printing from inside
Printing from inside
Printing from inside
Printing from inside
Printing from inside
Printing from inside
Printing from inside
Printing from inside
Printing from inside
Printing from inside
Printing from inside
Printing from inside
Printing from inside
Printing from inside
Printing from inside
Printing from inside
Printing from inside
Printing from inside
Printing from inside
Printing from inside
Printing from inside
Printing from inside
Printing from inside
Printing from inside
Printing from inside
Printing from inside
Printing from inside
Printing from inside
Printing from inside
Printing from inside
Printing from inside
Printing from inside
Printing from inside
Printing from inside
Printing from inside
Printing from inside
Printing from inside
Printing from inside
Printing from inside
Printing from inside
Printing from inside
Printing from inside
Printing from inside
Printing from inside
Printing from inside
Printing from inside
Printing from inside
Printing from inside
Printing from inside
Printing from inside
Printing from inside
Printing from inside
Printing from inside
Printing from inside
Printing from inside
Printing from inside
Printing from inside
Printing from inside
Printing from inside
Printing from inside
Printing from inside
Printing from inside
Printing from inside
Printing from inside
Printing from inside
Printing from inside
Printing from inside
Printing from inside
Printing from inside
Printing from inside
Printing from inside
Printing from inside
Printing from inside
Printing from inside
Printing from inside
Printing from inside
Printing from inside
Printing from inside
Printing from inside
Printing from inside
Printing from inside
Printing from inside
Printing from inside
Printing from inside
Printing from inside
Printing from inside
Printing from inside
Printing from inside
Printing from inside
Printing from inside
Printing from inside
Printing from inside
Printing from inside
Printing from inside
Printing from inside
Printing from inside
Printing from inside
Printing from inside
Printing from inside
Printing from inside
Printing from inside
Printing from inside
Printing from inside
Printing from inside
Printing from inside
Printing from inside
Printing from inside
Printing from inside
Printing from inside
Printing from inside
Printing from inside
Printing from inside
Printing from inside
Printing from inside
Printing from inside
Printing from inside
Printing from inside
Printing from inside
Printing from inside
Printing from inside
Printing from inside
Printing from inside
Printing from inside
Printing from inside
Printing from inside
Printing from inside
Printing from inside
Printing from inside
Printing from inside
Printing from inside
Printing from inside
Printing from inside
Printing from inside
Printing from inside
Printing from inside
Printing from inside
Printing from inside
Printing from inside
Printing from inside
Printing from inside
Printing from inside
Printing from inside
Printing from inside
Printing from inside
Printing from inside
Printing from inside
Printing from inside
Printing from inside
Printing from inside
Printing from inside
Printing from inside
Printing from inside
Printing from inside
Printing from inside
Printing from inside
Printing from inside
Printing from inside
Printing from inside
Printing from inside
Printing from inside
Printing from inside
Printing from inside
Printing from inside
Printing from inside
Printing from inside
Printing from inside
Printing from inside
Printing from inside
Printing from inside
Printing from inside
Printing from inside
Printing from inside
Printing from inside
Printing from inside
Printing from inside
Printing from inside
Printing from inside
Printing from inside
Printing from inside
Printing from inside
Printing from inside
Printing from inside
Printing from inside
Printing from inside
Printing from inside
Printing from inside
Printing from inside
Printing from inside
Printing from inside
Printing from inside
Printing from inside
Printing from inside
Printing from inside
Printing from inside
Printing from inside
Printing from inside
Printing from inside
Printing from inside
Printing from inside
Printing from inside
Printing from inside
Printing from inside
Printing from inside
Printing from inside
Printing from inside
Printing from inside
Printing from inside
Printing from inside
Printing from inside
Printing from inside
Printing from inside
Printing from inside
Printing from inside
Printing from inside
Printing from inside
Printing from inside
Printing from inside
Printing from inside
Printing from inside
Printing from inside
Printing from inside
Printing from inside
Printing from inside
Printing from inside
Printing from inside
Printing from inside
Printing from inside
]]></system-out>
  <system-err><![CDATA[]]></system-err>
</testsuite>
